  Generator.cpp
  Person.cpp
  main.cpp
C:\Users\Dennis\Documents\GitHub\WorkShite\Containers\Source\main.cpp(62,51): error C2665: 'std::_Hash<std::_Umap_traits<_Kty,_Ty,std::_Uhash_compare<_Kty,_Hasher,_Keyeq>,_Alloc,false>>::insert': none of the 5 overloads could convert all the argument types
          with
          [
              _Kty=int,
              _Ty=Person,
              _Hasher=std::hash<int>,
              _Keyeq=std::equal_to<int>,
              _Alloc=std::allocator<std::pair<const int,Person>>
          ]
C:\Program Files\Microsoft Visual Studio\2022\Community\VC\Tools\MSVC\14.33.31629\include\xhash(923,14): message : could be 'std::_List_iterator<std::_List_val<std::_List_simple_types<_Ty>>> std::_Hash<std::_Umap_traits<_Kty,Person,std::_Uhash_compare<_Kty,_Hasher,_Keyeq>,_Alloc,false>>::insert(std::_List_const_iterator<std::_List_val<std::_List_simple_types<_Ty>>>,const std::pair<const int,Person> &)'
          with
          [
              _Ty=std::pair<const int,Person>,
              _Kty=int,
              _Hasher=std::hash<int>,
              _Keyeq=std::equal_to<int>,
              _Alloc=std::allocator<std::pair<const int,Person>>
          ]
C:\Program Files\Microsoft Visual Studio\2022\Community\VC\Tools\MSVC\14.33.31629\include\xhash(927,14): message : or       'std::_List_iterator<std::_List_val<std::_List_simple_types<_Ty>>> std::_Hash<std::_Umap_traits<_Kty,Person,std::_Uhash_compare<_Kty,_Hasher,_Keyeq>,_Alloc,false>>::insert(std::_List_const_iterator<std::_List_val<std::_List_simple_types<_Ty>>>,std::pair<const int,Person> &&)'
          with
          [
              _Ty=std::pair<const int,Person>,
              _Kty=int,
              _Hasher=std::hash<int>,
              _Keyeq=std::equal_to<int>,
              _Alloc=std::allocator<std::pair<const int,Person>>
          ]
C:\Users\Dennis\Documents\GitHub\WorkShite\Containers\Source\main.cpp(62,13): message : 'std::_List_iterator<std::_List_val<std::_List_simple_types<_Ty>>> std::_Hash<std::_Umap_traits<_Kty,Person,std::_Uhash_compare<_Kty,_Hasher,_Keyeq>,_Alloc,false>>::insert(std::_List_const_iterator<std::_List_val<std::_List_simple_types<_Ty>>>,std::pair<const int,Person> &&)': cannot convert argument 1 from 'unsigned int' to 'std::_List_const_iterator<std::_List_val<std::_List_simple_types<_Ty>>>'
          with
          [
              _Ty=std::pair<const int,Person>,
              _Kty=int,
              _Hasher=std::hash<int>,
              _Keyeq=std::equal_to<int>,
              _Alloc=std::allocator<std::pair<const int,Person>>
          ]
          and
          [
              _Ty=std::pair<const int,Person>
          ]
C:\Users\Dennis\Documents\GitHub\WorkShite\Containers\Source\main.cpp(62,51): message : No constructor could take the source type, or constructor overload resolution was ambiguous
C:\Program Files\Microsoft Visual Studio\2022\Community\VC\Tools\MSVC\14.33.31629\include\xhash(927,14): message : see declaration of 'std::_Hash<std::_Umap_traits<_Kty,_Ty,std::_Uhash_compare<_Kty,_Hasher,_Keyeq>,_Alloc,false>>::insert'
          with
          [
              _Kty=int,
              _Ty=Person,
              _Hasher=std::hash<int>,
              _Keyeq=std::equal_to<int>,
              _Alloc=std::allocator<std::pair<const int,Person>>
          ]
C:\Users\Dennis\Documents\GitHub\WorkShite\Containers\Source\main.cpp(62,51): message : while trying to match the argument list '(unsigned int, Person *)'
C:\Users\Dennis\Documents\GitHub\WorkShite\Containers\Source\main.cpp(80,12): warning C4244: 'argument': conversion from 'time_t' to 'unsigned int', possible loss of data
  Generating Code...
C:\Users\Dennis\Documents\GitHub\WorkShite\Containers\Source\Generator.cpp(53): error C4716: 'Generator::GenerateAddress': must return a value
C:\Users\Dennis\Documents\GitHub\WorkShite\Containers\Source\Generator.cpp(57): error C4716: 'Generator::GenerateEmail': must return a value
